<?xml version="1.0" encoding="UTF-8"?>
<testsuite xmlns:xsi="http://www.w3.org/2001/XMLSchema-instance" xsi:noNamespaceSchemaLocation="https://maven.apache.org/surefire/maven-surefire-plugin/xsd/surefire-test-report.xsd" name="testing1.MathUtilsTest" time="0.028" tests="2" errors="0" skipped="0" failures="0">
  <properties>
[...]
</properties>
  <testcase name="testAdd" classname="testing1.MathUtilsTest" time="0.016"/>
  <testcase name="testComputeCircleArea" classname="testing1.MathUtilsTest" time="0.001"/>
</testsuite>